<?xml version="1.0" encoding="utf-8"?><testsuites name="pytest tests"><testsuite name="pytest" errors="0" failures="0" skipped="0" tests="11" time="3.065" timestamp="2026-04-19T05:04:28.756200+00:00" hostname="agent-env-20ce3a98-d278-4c69-b0ac-0f053abcd03c"><testcase classname="backend.tests.test_leads.TestRoot" name="test_root_returns_ok" time="0.403" /><testcase classname="backend.tests.test_leads.TestLeadsCreate" name="test_create_lead_success" time="0.213" /><testcase classname="backend.tests.test_leads.TestLeadsCreate" name="test_create_lead_missing_name" time="0.184" /><testcase classname="backend.tests.test_leads.TestLeadsCreate" name="test_create_lead_missing_phone" time="0.190" /><testcase classname="backend.tests.test_leads.TestLeadsCreate" name="test_create_lead_invalid_email" time="0.163" /><testcase classname="backend.tests.test_leads.TestLeadsCreate" name="test_create_lead_missing_email" time="0.155" /><testcase classname="backend.tests.test_leads.TestLeadsCreate" name="test_create_lead_optional_goal" time="0.158" /><testcase classname="backend.tests.test_leads.TestLeadsList" name="test_list_leads_returns_200" time="0.162" /><testcase classname="backend.tests.test_leads.TestLeadsList" name="test_list_leads_no_id_field" time="0.151" /><testcase classname="backend.tests.test_leads.TestLeadsList" name="test_list_leads_ordered_by_created_at_desc" time="0.595" /><testcase classname="backend.tests.test_leads.TestLeadsList" name="test_create_and_verify_persistence" time="0.319" /></testsuite></testsuites>